<?xml version="1.0" encoding="UTF-8"?>
<coverage generated="1770439098432" clover="3.2.0">
  <project timestamp="1770439098432" name="All files">
    <metrics statements="6" coveredstatements="6" conditionals="4" coveredconditionals="4" methods="0" coveredmethods="0" elements="10" coveredelements="10" complexity="0" loc="6" ncloc="6" packages="1" files="3" classes="3"/>
    <file name="NitroSse.nitro.ts" path="/Users/nammaithanh/Desktop/Samset/react-native-nitro-sse/src/NitroSse.nitro.ts">
      <metrics statements="0" coveredstatements="0" conditionals="0" coveredconditionals="0" methods="0" coveredmethods="0"/>
    </file>
    <file name="SseInterface.ts" path="/Users/nammaithanh/Desktop/Samset/react-native-nitro-sse/src/SseInterface.ts">
      <metrics statements="0" coveredstatements="0" conditionals="0" coveredconditionals="0" methods="0" coveredmethods="0"/>
    </file>
    <file name="index.tsx" path="/Users/nammaithanh/Desktop/Samset/react-native-nitro-sse/src/index.tsx">
      <metrics statements="6" coveredstatements="6" conditionals="4" coveredconditionals="4" methods="0" coveredmethods="0"/>
      <line num="9" count="13" type="stmt"/>
      <line num="10" count="13" type="stmt"/>
      <line num="12" count="1" type="stmt"/>
      <line num="20" count="13" type="cond" truecount="4" falsecount="0"/>
      <line num="21" count="2" type="stmt"/>
      <line num="26" count="11" type="stmt"/>
    </file>
  </project>
</coverage>
