{"/Users/nammaithanh/Desktop/Samset/react-native-nitro-sse/src/NitroSse.nitro.ts": {"path":"/Users/nammaithanh/Desktop/Samset/react-native-nitro-sse/src/NitroSse.nitro.ts","statementMap":{},"fnMap":{},"branchMap":{},"s":{},"f":{},"b":{},"_coverageSchema":"1a1c01bbd47fc00a2c39e90264f33305004495a9","hash":"683ab90f98e40fd7a9aef1a38aca10c1e19cd249"}
,"/Users/nammaithanh/Desktop/Samset/react-native-nitro-sse/src/SseInterface.ts": {"path":"/Users/nammaithanh/Desktop/Samset/react-native-nitro-sse/src/SseInterface.ts","statementMap":{},"fnMap":{},"branchMap":{},"s":{},"f":{},"b":{},"_coverageSchema":"1a1c01bbd47fc00a2c39e90264f33305004495a9","hash":"883d9cfb7aa553da84e97ae09a8ab87435c2744f"}
,"/Users/nammaithanh/Desktop/Samset/react-native-nitro-sse/src/index.tsx": {"path":"/Users/nammaithanh/Desktop/Samset/react-native-nitro-sse/src/index.tsx","statementMap":{"0":{"start":{"line":9,"column":0},"end":{"line":15,"column":1}},"1":{"start":{"line":10,"column":2},"end":{"line":10,"column":71}},"2":{"start":{"line":12,"column":2},"end":{"line":14,"column":4}},"3":{"start":{"line":20,"column":0},"end":{"line":24,"column":1}},"4":{"start":{"line":21,"column":2},"end":{"line":23,"column":4}},"5":{"start":{"line":26,"column":40},"end":{"line":26,"column":52}}},"fnMap":{},"branchMap":{"0":{"loc":{"start":{"line":20,"column":0},"end":{"line":24,"column":1}},"type":"if","locations":[{"start":{"line":20,"column":0},"end":{"line":24,"column":1}},{"start":{},"end":{}}],"line":20},"1":{"loc":{"start":{"line":20,"column":4},"end":{"line":20,"column":49}},"type":"binary-expr","locations":[{"start":{"line":20,"column":4},"end":{"line":20,"column":17}},{"start":{"line":20,"column":21},"end":{"line":20,"column":49}}],"line":20}},"s":{"0":13,"1":13,"2":1,"3":13,"4":2,"5":11},"f":{},"b":{"0":[2,11],"1":[13,11]},"_coverageSchema":"1a1c01bbd47fc00a2c39e90264f33305004495a9","hash":"32bbece4a5ccb9735b34f78bf6d297712a9a3cf9"}
}
